<?xml version="1.0" encoding="UTF-8"?>
<!-- Generated by org.testng.reporters.JUnitReportReporter -->
<testsuite skipped="0" hostname="Dell" name="com.inetbanking.testCases.TC_Login_001" tests="1" failures="0" timestamp="2020-07-16T11:28:30 IST" time="4.434" errors="0">
  <testcase name="loginTest" time="4.434" classname="com.inetbanking.testCases.TC_Login_001"/>
  <system-out/>
</testsuite> <!-- com.inetbanking.testCases.TC_Login_001 -->
